d:\vs2015project\qtproject\cutpixmap\cutpixmap\x64\release\moc_myplainttext.obj
d:\vs2015project\qtproject\cutpixmap\cutpixmap\x64\release\moc_transtoolbar.obj
d:\vs2015project\qtproject\cutpixmap\cutpixmap\x64\release\moc_cutpixmap.obj
d:\vs2015project\qtproject\cutpixmap\cutpixmap\x64\release\moc_myfontdialog.obj
d:\vs2015project\qtproject\cutpixmap\cutpixmap\x64\release\moc_mygraphicsview.obj
d:\vs2015project\qtproject\cutpixmap\cutpixmap\x64\release\moc_mycolordialog.obj
d:\vs2015project\qtproject\cutpixmap\cutpixmap\x64\release\moc_myshowdrawwidget.obj
d:\vs2015project\qtproject\cutpixmap\cutpixmap\x64\release\moc_qdrawtoolbar.obj
d:\vs2015project\qtproject\cutpixmap\cutpixmap\x64\release\moc_qshowdesk.obj
d:\vs2015project\qtproject\cutpixmap\cutpixmap\x64\release\qrc_cutpixmap.obj
d:\vs2015project\qtproject\cutpixmap\cutpixmap\x64\release\moc_mytoolbar.obj
d:\vs2015project\qtproject\cutpixmap\cutpixmap\x64\release\moc_qshapetoolbar.obj
d:\vs2015project\qtproject\cutpixmap\cutpixmap\x64\release\moc_qdocktoolbar.obj
d:\vs2015project\qtproject\cutpixmap\cutpixmap\x64\release\moc_mycombox.obj
d:\vs2015project\qtproject\cutpixmap\cutpixmap\x64\release\qlayer.obj
d:\vs2015project\qtproject\cutpixmap\cutpixmap\x64\release\qshapetoolbar.obj
d:\vs2015project\qtproject\cutpixmap\cutpixmap\x64\release\qdocktoolbar.obj
d:\vs2015project\qtproject\cutpixmap\cutpixmap\x64\release\mycombox.obj
d:\vs2015project\qtproject\cutpixmap\cutpixmap\x64\release\main.obj
d:\vs2015project\qtproject\cutpixmap\cutpixmap\x64\release\mytoolbar.obj
d:\vs2015project\qtproject\cutpixmap\cutpixmap\x64\release\cutpixmap.obj
d:\vs2015project\qtproject\cutpixmap\cutpixmap\x64\release\myplainttext.obj
d:\vs2015project\qtproject\cutpixmap\cutpixmap\x64\release\transtoolbar.obj
d:\vs2015project\qtproject\cutpixmap\cutpixmap\x64\release\myshowdrawwidget.obj
d:\vs2015project\qtproject\cutpixmap\cutpixmap\x64\release\qtext.obj
d:\vs2015project\qtproject\cutpixmap\cutpixmap\x64\release\qcurve.obj
d:\vs2015project\qtproject\cutpixmap\cutpixmap\x64\release\qroundrect.obj
d:\vs2015project\qtproject\cutpixmap\cutpixmap\x64\release\myfontdialog.obj
d:\vs2015project\qtproject\cutpixmap\cutpixmap\x64\release\qshowdesk.obj
d:\vs2015project\qtproject\cutpixmap\cutpixmap\x64\release\mycolordialog.obj
d:\vs2015project\qtproject\cutpixmap\cutpixmap\x64\release\qstraightline.obj
d:\vs2015project\qtproject\cutpixmap\cutpixmap\x64\release\qellipse.obj
d:\vs2015project\qtproject\cutpixmap\cutpixmap\x64\release\qrectdraw.obj
d:\vs2015project\qtproject\cutpixmap\cutpixmap\x64\release\mygraphicsview.obj
d:\vs2015project\qtproject\cutpixmap\cutpixmap\x64\release\qdrawtoolbar.obj
d:\vs2015project\qtproject\cutpixmap\cutpixmap\x64\release\uic\ui_cutpixmap.h
d:\vs2015project\qtproject\cutpixmap\cutpixmap\x64\release\rcc\qrc_cutpixmap.cpp
d:\vs2015project\qtproject\cutpixmap\cutpixmap\x64\release\moc\moc_cutpixmap.cpp
d:\vs2015project\qtproject\cutpixmap\cutpixmap\x64\release\moc\moc_qshowdesk.cpp
d:\vs2015project\qtproject\cutpixmap\cutpixmap\x64\release\moc\moc_mytoolbar.cpp
d:\vs2015project\qtproject\cutpixmap\cutpixmap\x64\release\moc\moc_transtoolbar.cpp
d:\vs2015project\qtproject\cutpixmap\cutpixmap\x64\release\moc\moc_myplainttext.cpp
d:\vs2015project\qtproject\cutpixmap\cutpixmap\x64\release\moc\moc_myfontdialog.cpp
d:\vs2015project\qtproject\cutpixmap\cutpixmap\x64\release\moc\moc_mycombox.cpp
d:\vs2015project\qtproject\cutpixmap\cutpixmap\x64\release\moc\moc_myshowdrawwidget.cpp
d:\vs2015project\qtproject\cutpixmap\cutpixmap\x64\release\moc\moc_mygraphicsview.cpp
d:\vs2015project\qtproject\cutpixmap\cutpixmap\x64\release\moc\moc_qdocktoolbar.cpp
d:\vs2015project\qtproject\cutpixmap\cutpixmap\x64\release\moc\moc_qdrawtoolbar.cpp
d:\vs2015project\qtproject\cutpixmap\cutpixmap\x64\release\moc\moc_mycolordialog.cpp
d:\vs2015project\qtproject\cutpixmap\cutpixmap\x64\release\moc\moc_qshapetoolbar.cpp
d:\vs2015project\qtproject\cutpixmap\x64\release\cutpixmap.exe
d:\vs2015project\qtproject\cutpixmap\cutpixmap\x64\release\cutpixmap.res
d:\vs2015project\qtproject\cutpixmap\cutpixmap\x64\release\cutpixmap.tlog\cl.12404.write.1.tlog
d:\vs2015project\qtproject\cutpixmap\cutpixmap\x64\release\cutpixmap.tlog\cl.command.1.tlog
d:\vs2015project\qtproject\cutpixmap\cutpixmap\x64\release\cutpixmap.tlog\cl.read.1.tlog
d:\vs2015project\qtproject\cutpixmap\cutpixmap\x64\release\cutpixmap.tlog\cutpixmap.write.1u.tlog
d:\vs2015project\qtproject\cutpixmap\cutpixmap\x64\release\cutpixmap.tlog\link.command.1.tlog
d:\vs2015project\qtproject\cutpixmap\cutpixmap\x64\release\cutpixmap.tlog\link.read.1.tlog
d:\vs2015project\qtproject\cutpixmap\cutpixmap\x64\release\cutpixmap.tlog\link.write.1.tlog
d:\vs2015project\qtproject\cutpixmap\cutpixmap\x64\release\cutpixmap.tlog\moc.read.1u.tlog
d:\vs2015project\qtproject\cutpixmap\cutpixmap\x64\release\cutpixmap.tlog\moc.write.1u.tlog
d:\vs2015project\qtproject\cutpixmap\cutpixmap\x64\release\cutpixmap.tlog\rc.command.1.tlog
d:\vs2015project\qtproject\cutpixmap\cutpixmap\x64\release\cutpixmap.tlog\rc.read.1.tlog
d:\vs2015project\qtproject\cutpixmap\cutpixmap\x64\release\cutpixmap.tlog\rc.write.1.tlog
d:\vs2015project\qtproject\cutpixmap\cutpixmap\x64\release\cutpixmap.tlog\rcc.read.1u.tlog
d:\vs2015project\qtproject\cutpixmap\cutpixmap\x64\release\cutpixmap.tlog\rcc.write.1u.tlog
d:\vs2015project\qtproject\cutpixmap\cutpixmap\x64\release\cutpixmap.tlog\uic.read.1u.tlog
d:\vs2015project\qtproject\cutpixmap\cutpixmap\x64\release\cutpixmap.tlog\uic.write.1u.tlog
